#
# A fatal error has been detected by the Java Runtime Environment:
#
#  EXCEPTION_ACCESS_VIOLATION (0xc0000005) at pc=0x000000005ed88f45, pid=11268, tid=3248
#
# JRE version: Java(TM) SE Runtime Environment (8.0_91-b14) (build 1.8.0_91-b14)
# Java VM: Java HotSpot(TM) 64-Bit Server VM (25.91-b14 mixed mode windows-amd64 compressed oops)
# Problematic frame:
# V  [jvm.dll+0x128f45]
#
# Failed to write core dump. Minidumps are not enabled by default on client versions of Windows
#
# If you would like to submit a bug report, please visit:
#   http://bugreport.java.com/bugreport/crash.jsp
#

---------------  T H R E A D  ---------------

Current thread (0x000000001e20f800):  JavaThread "JDWP Transport Listener: dt_socket" daemon [_thread_in_vm, id=3248, stack(0x000000001ed00000,0x000000001ee00000)]

siginfo: ExceptionCode=0xc0000005, reading address 0xffffffffffffffff

Registers:
RAX=0x000000001edff801, RBX=0x000000001e20f800, RCX=0x63784565726f7453, RDX=0x0000000000000000
RSP=0x000000001edff810, RBP=0x63784565726f7453, RSI=0x000000001edff928, RDI=0x00000000028bbd10
R8 =0x000000001e20f800, R9 =0x0000000000008000, R10=0x0000000000000000, R11=0x000000001edffa93
R12=0x0000000000000000, R13=0x000000001e218758, R14=0x0000000000000000, R15=0x0000000000000000
RIP=0x000000005ed88f45, EFLAGS=0x0000000000010206

Top of Stack: (sp=0x000000001edff810)
0x000000001edff810:   000000001e20f800 000000001e20f800
0x000000001edff820:   000000001edff8d8 000000005ef8f32b
0x000000001edff830:   000000001e20f800 000000005efabb8d
0x000000001edff840:   0000000000000000 000000005ea79155
0x000000001edff850:   000000001e22bef8 000000005ea8291e
0x000000001edff860:   000000001e20f800 0000000000000000
0x000000001edff870:   0000000000000000 0000000000000000
0x000000001edff880:   63784565726f7453 000000005ea81a15
0x000000001edff890:   000000001edff928 000000001edff900
0x000000001edff8a0:   0000000000000001 000000001e22bef8
0x000000001edff8b0:   63784565726f7453 000000005ea653b3
0x000000001edff8c0:   000000001edff9f0 0000000000000001
0x000000001edff8d0:   0000000000000001 000000001e22bef8
0x000000001edff8e0:   0000000000000009 0000000000000000
0x000000001edff8f0:   0000000000000000 0000000000000000
0x000000001edff900:   0000000000000001 000000005ea65571 

Instructions: (pc=0x000000005ed88f45)
0x000000005ed88f25:   cc cc cc cc cc cc cc cc cc cc cc 48 83 ec 28 48
0x000000005ed88f35:   85 c9 75 07 33 c0 48 83 c4 28 c3 48 89 5c 24 20
0x000000005ed88f45:   48 8b 19 48 85 db 74 20 48 83 fb 37 74 1a 48 8b
0x000000005ed88f55:   13 48 8b cb ff 52 10 84 c0 74 0d 48 8b c3 48 8b 


Register to memory mapping:

RAX=0x000000001edff801 is pointing into the stack for thread: 0x000000001e20f800
RBX=0x000000001e20f800 is a thread
RCX=0x63784565726f7453 is an unknown value
RDX=0x0000000000000000 is an unknown value
RSP=0x000000001edff810 is pointing into the stack for thread: 0x000000001e20f800
RBP=0x63784565726f7453 is an unknown value
RSI=0x000000001edff928 is pointing into the stack for thread: 0x000000001e20f800
RDI=0x00000000028bbd10 is an unknown value
R8 =0x000000001e20f800 is a thread
R9 =0x0000000000008000 is an unknown value
R10=0x0000000000000000 is an unknown value
R11=0x000000001edffa93 is pointing into the stack for thread: 0x000000001e20f800
R12=0x0000000000000000 is an unknown value
R13=0x000000001e218758 is an unknown value
R14=0x0000000000000000 is an unknown value
R15=0x0000000000000000 is an unknown value


Stack: [0x000000001ed00000,0x000000001ee00000],  sp=0x000000001edff810,  free space=1022k
Native frames: (J=compiled Java code, j=interpreted, Vv=VM code, C=native code)
V  [jvm.dll+0x128f45]
V  [jvm.dll+0x34bb8d]
C  [jdwp.dll+0x21a15]
C  [jdwp.dll+0x53b3]
C  [jdwp.dll+0x5571]
C  [jdwp.dll+0xf0a8]
C  [jdwp.dll+0x1f2d5]
C  [jdwp.dll+0x1f4aa]
V  [jvm.dll+0x1bbf38]
V  [jvm.dll+0x243ae4]
V  [jvm.dll+0x29a99a]
C  [msvcr100.dll+0x21d9f]
C  [msvcr100.dll+0x21e3b]
C  [KERNEL32.DLL+0x8364]
C  [ntdll.dll+0x670d1]


---------------  P R O C E S S  ---------------

Java Threads: ( => current thread )
  0x0000000002724000 JavaThread "DestroyJavaVM" [_thread_blocked, id=2500, stack(0x00000000025c0000,0x00000000026c0000)]
  0x00000000209b6000 JavaThread "pool-1-thread-1" [_thread_blocked, id=12152, stack(0x0000000021ad0000,0x0000000021bd0000)]
  0x000000002086c800 JavaThread "Abandoned connection cleanup thread" daemon [_thread_blocked, id=1904, stack(0x00000000215d0000,0x00000000216d0000)]
  0x000000001e2ca800 JavaThread "Service Thread" daemon [_thread_blocked, id=6064, stack(0x000000001f400000,0x000000001f500000)]
  0x000000001e234000 JavaThread "C1 CompilerThread3" daemon [_thread_blocked, id=3540, stack(0x000000001f300000,0x000000001f400000)]
  0x000000001e233800 JavaThread "C2 CompilerThread2" daemon [_thread_blocked, id=11596, stack(0x000000001f200000,0x000000001f300000)]
  0x000000001e232800 JavaThread "C2 CompilerThread1" daemon [_thread_blocked, id=7164, stack(0x000000001f100000,0x000000001f200000)]
  0x000000001e228800 JavaThread "C2 CompilerThread0" daemon [_thread_blocked, id=11524, stack(0x000000001f000000,0x000000001f100000)]
  0x000000001e21d800 JavaThread "JDWP Command Reader" daemon [_thread_in_native, id=14116, stack(0x000000001ef00000,0x000000001f000000)]
  0x000000001e21a800 JavaThread "JDWP Event Helper Thread" daemon [_thread_blocked, id=9764, stack(0x000000001ee00000,0x000000001ef00000)]
=>0x000000001e20f800 JavaThread "JDWP Transport Listener: dt_socket" daemon [_thread_in_vm, id=3248, stack(0x000000001ed00000,0x000000001ee00000)]
  0x000000001e206000 JavaThread "Attach Listener" daemon [_thread_blocked, id=14048, stack(0x000000001e8c0000,0x000000001e9c0000)]
  0x000000001e205000 JavaThread "Signal Dispatcher" daemon [_thread_blocked, id=7172, stack(0x000000001e7c0000,0x000000001e8c0000)]
  0x000000001e1f0800 JavaThread "Finalizer" daemon [_thread_blocked, id=10176, stack(0x000000001e5d0000,0x000000001e6d0000)]
  0x000000001c2ed000 JavaThread "Reference Handler" daemon [_thread_blocked, id=6460, stack(0x000000001e0d0000,0x000000001e1d0000)]

Other Threads:
  0x000000001c2e9000 VMThread [stack: 0x000000001dfd0000,0x000000001e0d0000] [id=14272]
  0x000000001e2e6000 WatcherThread [stack: 0x000000001f500000,0x000000001f600000] [id=9720]

VM state:not at safepoint (normal execution)

VM Mutex/Monitor currently owned by a thread: None

Heap:
 PSYoungGen      total 76288K, used 5152K [0x000000076b380000, 0x0000000770880000, 0x00000007c0000000)
  eden space 65536K, 7% used [0x000000076b380000,0x000000076b8882c0,0x000000076f380000)
  from space 10752K, 0% used [0x000000076fe00000,0x000000076fe00000,0x0000000770880000)
  to   space 10752K, 0% used [0x000000076f380000,0x000000076f380000,0x000000076fe00000)
 ParOldGen       total 76288K, used 10220K [0x00000006c1a00000, 0x00000006c6480000, 0x000000076b380000)
  object space 76288K, 13% used [0x00000006c1a00000,0x00000006c23fb0d8,0x00000006c6480000)
 Metaspace       used 21314K, capacity 21580K, committed 21808K, reserved 1069056K
  class space    used 3038K, capacity 3114K, committed 3120K, reserved 1048576K

Card table byte_map: [0x0000000011c80000,0x0000000012480000] byte_map_base: 0x000000000e673000

Marking Bits: (ParMarkBitMap*) 0x000000005f472f70
 Begin Bits: [0x00000000131d0000, 0x0000000017168000)
 End Bits:   [0x0000000017168000, 0x000000001b100000)

Polling page: 0x0000000000950000

CodeCache: size=245760Kb used=7874Kb max_used=7906Kb free=237885Kb
 bounds [0x00000000028c0000, 0x0000000003080000, 0x00000000118c0000]
 total_blobs=2508 nmethods=2080 adapters=348
 compilation: enabled

Compilation events (10 events):
Event: 57.310 Thread 0x000000001e232800 nmethod 2079 0x0000000003067b90 code [0x0000000003067ce0, 0x0000000003068278]
Event: 57.315 Thread 0x000000001e234000 2080       3       java.lang.Character::isSurrogate (18 bytes)
Event: 57.315 Thread 0x000000001e234000 nmethod 2080 0x00000000030677d0 code [0x0000000003067920, 0x0000000003067af0]
Event: 57.315 Thread 0x000000001e234000 2081       3       java.util.regex.Pattern::isSupplementary (20 bytes)
Event: 57.316 Thread 0x000000001e234000 nmethod 2081 0x0000000003069610 code [0x0000000003069780, 0x0000000003069a50]
Event: 57.319 Thread 0x000000001e234000 2082       1       java.util.Collections$EmptyIterator::hasNext (2 bytes)
Event: 57.319 Thread 0x000000001e234000 nmethod 2082 0x0000000003069350 code [0x00000000030694a0, 0x00000000030695b0]
Event: 57.389 Thread 0x000000001e233800 nmethod 2069 0x00000000030737d0 code [0x0000000003073b80, 0x0000000003079140]
Event: 59.588 Thread 0x000000001e234000 2083       3       java.nio.Buffer::clear (20 bytes)
Event: 59.588 Thread 0x000000001e234000 nmethod 2083 0x0000000003069010 code [0x0000000003069160, 0x00000000030692d0]

GC Heap History (6 events):
Event: 56.350 GC heap before
{Heap before GC invocations=1 (full 0):
 PSYoungGen      total 76288K, used 65536K [0x000000076b380000, 0x0000000770880000, 0x00000007c0000000)
  eden space 65536K, 100% used [0x000000076b380000,0x000000076f380000,0x000000076f380000)
  from space 10752K, 0% used [0x000000076fe00000,0x000000076fe00000,0x0000000770880000)
  to   space 10752K, 0% used [0x000000076f380000,0x000000076f380000,0x000000076fe00000)
 ParOldGen       total 175104K, used 0K [0x00000006c1a00000, 0x00000006cc500000, 0x000000076b380000)
  object space 175104K, 0% used [0x00000006c1a00000,0x00000006c1a00000,0x00000006cc500000)
 Metaspace       used 13201K, capacity 13428K, committed 13568K, reserved 1060864K
  class space    used 1702K, capacity 1772K, committed 1792K, reserved 1048576K
Event: 56.356 GC heap after
Heap after GC invocations=1 (full 0):
 PSYoungGen      total 76288K, used 6542K [0x000000076b380000, 0x0000000770880000, 0x00000007c0000000)
  eden space 65536K, 0% used [0x000000076b380000,0x000000076b380000,0x000000076f380000)
  from space 10752K, 60% used [0x000000076f380000,0x000000076f9e3908,0x000000076fe00000)
  to   space 10752K, 0% used [0x000000076fe00000,0x000000076fe00000,0x0000000770880000)
 ParOldGen       total 175104K, used 88K [0x00000006c1a00000, 0x00000006cc500000, 0x000000076b380000)
  object space 175104K, 0% used [0x00000006c1a00000,0x00000006c1a16010,0x00000006cc500000)
 Metaspace       used 13201K, capacity 13428K, committed 13568K, reserved 1060864K
  class space    used 1702K, capacity 1772K, committed 1792K, reserved 1048576K
}
Event: 57.255 GC heap before
{Heap before GC invocations=2 (full 0):
 PSYoungGen      total 76288K, used 59806K [0x000000076b380000, 0x0000000770880000, 0x00000007c0000000)
  eden space 65536K, 81% used [0x000000076b380000,0x000000076e783fd0,0x000000076f380000)
  from space 10752K, 60% used [0x000000076f380000,0x000000076f9e3908,0x000000076fe00000)
  to   space 10752K, 0% used [0x000000076fe00000,0x000000076fe00000,0x0000000770880000)
 ParOldGen       total 175104K, used 88K [0x00000006c1a00000, 0x00000006cc500000, 0x000000076b380000)
  object space 175104K, 0% used [0x00000006c1a00000,0x00000006c1a16010,0x00000006cc500000)
 Metaspace       used 21009K, capacity 21228K, committed 21296K, reserved 1067008K
  class space    used 2997K, capacity 3082K, committed 3120K, reserved 1048576K
Event: 57.262 GC heap after
Heap after GC invocations=2 (full 0):
 PSYoungGen      total 76288K, used 10468K [0x000000076b380000, 0x0000000770880000, 0x00000007c0000000)
  eden space 65536K, 0% used [0x000000076b380000,0x000000076b380000,0x000000076f380000)
  from space 10752K, 97% used [0x000000076fe00000,0x0000000770839178,0x0000000770880000)
  to   space 10752K, 0% used [0x000000076f380000,0x000000076f380000,0x000000076fe00000)
 ParOldGen       total 175104K, used 104K [0x00000006c1a00000, 0x00000006cc500000, 0x000000076b380000)
  object space 175104K, 0% used [0x00000006c1a00000,0x00000006c1a1a010,0x00000006cc500000)
 Metaspace       used 21009K, capacity 21228K, committed 21296K, reserved 1067008K
  class space    used 2997K, capacity 3082K, committed 3120K, reserved 1048576K
}
Event: 57.262 GC heap before
{Heap before GC invocations=3 (full 1):
 PSYoungGen      total 76288K, used 10468K [0x000000076b380000, 0x0000000770880000, 0x00000007c0000000)
  eden space 65536K, 0% used [0x000000076b380000,0x000000076b380000,0x000000076f380000)
  from space 10752K, 97% used [0x000000076fe00000,0x0000000770839178,0x0000000770880000)
  to   space 10752K, 0% used [0x000000076f380000,0x000000076f380000,0x000000076fe00000)
 ParOldGen       total 175104K, used 104K [0x00000006c1a00000, 0x00000006cc500000, 0x000000076b380000)
  object space 175104K, 0% used [0x00000006c1a00000,0x00000006c1a1a010,0x00000006cc500000)
 Metaspace       used 21009K, capacity 21228K, committed 21296K, reserved 1067008K
  class space    used 2997K, capacity 3082K, committed 3120K, reserved 1048576K
Event: 57.291 GC heap after
Heap after GC invocations=3 (full 1):
 PSYoungGen      total 76288K, used 0K [0x000000076b380000, 0x0000000770880000, 0x00000007c0000000)
  eden space 65536K, 0% used [0x000000076b380000,0x000000076b380000,0x000000076f380000)
  from space 10752K, 0% used [0x000000076fe00000,0x000000076fe00000,0x0000000770880000)
  to   space 10752K, 0% used [0x000000076f380000,0x000000076f380000,0x000000076fe00000)
 ParOldGen       total 76288K, used 10220K [0x00000006c1a00000, 0x00000006c6480000, 0x000000076b380000)
  object space 76288K, 13% used [0x00000006c1a00000,0x00000006c23fb0d8,0x00000006c6480000)
 Metaspace       used 21009K, capacity 21228K, committed 21296K, reserved 1067008K
  class space    used 2997K, capacity 3082K, committed 3120K, reserved 1048576K
}

Deoptimization events (10 events):
Event: 56.451 Thread 0x0000000002724000 Uncommon trap: reason=range_check action=none pc=0x0000000002b65564 method=sun.reflect.generics.parser.SignatureParser.current()C @ 34
Event: 56.451 Thread 0x0000000002724000 Uncommon trap: reason=range_check action=none pc=0x0000000002b65564 method=sun.reflect.generics.parser.SignatureParser.current()C @ 34
Event: 56.699 Thread 0x0000000002724000 Uncommon trap: reason=unstable_if action=reinterpret pc=0x0000000002d55820 method=com.sun.org.apache.xerces.internal.impl.XMLDocumentFragmentScannerImpl$FragmentContentDriver.next()I @ 853
Event: 56.705 Thread 0x0000000002724000 Uncommon trap: reason=unstable_if action=reinterpret pc=0x0000000002c51714 method=com.sun.org.apache.xerces.internal.impl.XMLEntityScanner.scanContent(Lcom/sun/org/apache/xerces/internal/xni/XMLString;)I @ 632
Event: 56.718 Thread 0x0000000002724000 Uncommon trap: reason=unstable_if action=reinterpret pc=0x0000000002f9f184 method=java.util.concurrent.ConcurrentHashMap.putVal(Ljava/lang/Object;Ljava/lang/Object;Z)Ljava/lang/Object; @ 206
Event: 56.904 Thread 0x0000000002724000 Uncommon trap: reason=unstable_if action=reinterpret pc=0x0000000002f609b8 method=java.lang.CharacterDataLatin1.digit(II)I @ 31
Event: 56.905 Thread 0x0000000002724000 Uncommon trap: reason=unstable_if action=reinterpret pc=0x0000000002fdf404 method=java.util.Properties.loadConvert([CII[C)Ljava/lang/String; @ 4
Event: 56.905 Thread 0x0000000002724000 Uncommon trap: reason=unstable_if action=reinterpret pc=0x0000000002fddea0 method=java.util.Properties$LineReader.readLine()I @ 252
Event: 56.910 Thread 0x0000000002724000 Uncommon trap: reason=predicate action=maybe_recompile pc=0x0000000002b19c94 method=sun.net.www.ParseUtil.encodePath(Ljava/lang/String;Z)Ljava/lang/String; @ 36
Event: 57.200 Thread 0x0000000002724000 Uncommon trap: reason=unstable_if action=reinterpret pc=0x0000000002b59638 method=java.io.WinNTFileSystem.normalize(Ljava/lang/String;)Ljava/lang/String; @ 128

Internal exceptions (10 events):
Event: 56.448 Thread 0x0000000002724000 Exception <a 'java/lang/ArrayIndexOutOfBoundsException': 81> (0x000000076bb363a0) thrown at [C:\re\workspace\8-2-build-windows-amd64-cygwin\jdk8u91\6644\hotspot\src\share\vm\interpreter\interpreterRuntime.cpp, line 366]
Event: 56.448 Thread 0x0000000002724000 Exception <a 'java/lang/ArrayIndexOutOfBoundsException': 81> (0x000000076bb37550) thrown at [C:\re\workspace\8-2-build-windows-amd64-cygwin\jdk8u91\6644\hotspot\src\share\vm\interpreter\interpreterRuntime.cpp, line 366]
Event: 56.448 Thread 0x0000000002724000 Exception <a 'java/lang/ArrayIndexOutOfBoundsException': 92> (0x000000076bb387d8) thrown at [C:\re\workspace\8-2-build-windows-amd64-cygwin\jdk8u91\6644\hotspot\src\share\vm\interpreter\interpreterRuntime.cpp, line 366]
Event: 56.448 Thread 0x0000000002724000 Exception <a 'java/lang/ArrayIndexOutOfBoundsException': 84> (0x000000076bb39990) thrown at [C:\re\workspace\8-2-build-windows-amd64-cygwin\jdk8u91\6644\hotspot\src\share\vm\interpreter\interpreterRuntime.cpp, line 366]
Event: 56.448 Thread 0x0000000002724000 Exception <a 'java/lang/ArrayIndexOutOfBoundsException': 85> (0x000000076bb3ab60) thrown at [C:\re\workspace\8-2-build-windows-amd64-cygwin\jdk8u91\6644\hotspot\src\share\vm\interpreter\interpreterRuntime.cpp, line 366]
Event: 56.451 Thread 0x0000000002724000 Exception <a 'java/lang/ArrayIndexOutOfBoundsException': 158> (0x000000076bb6f818) thrown at [C:\re\workspace\8-2-build-windows-amd64-cygwin\jdk8u91\6644\hotspot\src\share\vm\interpreter\interpreterRuntime.cpp, line 366]
Event: 56.451 Thread 0x0000000002724000 Exception <a 'java/lang/ArrayIndexOutOfBoundsException': 152> (0x000000076bb72f50) thrown at [C:\re\workspace\8-2-build-windows-amd64-cygwin\jdk8u91\6644\hotspot\src\share\vm\interpreter\interpreterRuntime.cpp, line 366]
Event: 56.451 Thread 0x0000000002724000 Exception <a 'java/lang/ArrayIndexOutOfBoundsException': 144> (0x000000076bb76638) thrown at [C:\re\workspace\8-2-build-windows-amd64-cygwin\jdk8u91\6644\hotspot\src\share\vm\interpreter\interpreterRuntime.cpp, line 366]
Event: 56.451 Thread 0x0000000002724000 Exception <a 'java/lang/ArrayIndexOutOfBoundsException': 142> (0x000000076bb79c10) thrown at [C:\re\workspace\8-2-build-windows-amd64-cygwin\jdk8u91\6644\hotspot\src\share\vm\interpreter\interpreterRuntime.cpp, line 366]
Event: 59.359 Thread 0x0000000002724000 Exception <a 'java/lang/ExceptionInInitializerError'> (0x000000076b6cb778) thrown at [C:\re\workspace\8-2-build-windows-amd64-cygwin\jdk8u91\6644\hotspot\src\share\vm\oops\instanceKlass.cpp, line 948]

Events (10 events):
Event: 59.520 Executing VM operation: GetOrSetLocal done
Event: 59.520 Executing VM operation: GetOrSetLocal
Event: 59.520 Executing VM operation: GetOrSetLocal done
Event: 59.586 loading class java/lang/Throwable$WrappedPrintStream
Event: 59.586 loading class java/lang/Throwable$WrappedPrintStream done
Event: 59.588 Thread 0x000000001e234000 flushing nmethod 0x00000000029cbfd0
Event: 59.589 Thread 0x0000000002724000 Thread exited: 0x0000000002724000
Event: 59.589 Thread 0x0000000002724000 Thread added: 0x0000000002724000
Event: 100.769 Executing VM operation: RedefineClasses
Event: 100.779 Executing VM operation: RedefineClasses done


Dynamic libraries:
0x00007ff61a2d0000 - 0x00007ff61a307000 	C:\Program Files\Java\jre1.8.0_91\bin\javaw.exe
0x00007ffb28650000 - 0x00007ffb28821000 	C:\WINDOWS\SYSTEM32\ntdll.dll
0x00007ffb25ef0000 - 0x00007ffb25f9b000 	C:\WINDOWS\System32\KERNEL32.DLL
0x00007ffb25410000 - 0x00007ffb2562d000 	C:\WINDOWS\System32\KERNELBASE.dll
0x00007ffb26b10000 - 0x00007ffb26bb2000 	C:\WINDOWS\System32\ADVAPI32.dll
0x00007ffb28490000 - 0x00007ffb2852e000 	C:\WINDOWS\System32\msvcrt.dll
0x00007ffb26940000 - 0x00007ffb26999000 	C:\WINDOWS\System32\sechost.dll
0x00007ffb28360000 - 0x00007ffb28481000 	C:\WINDOWS\System32\RPCRT4.dll
0x00007ffb26c30000 - 0x00007ffb26d95000 	C:\WINDOWS\System32\USER32.dll
0x00007ffb253f0000 - 0x00007ffb2540e000 	C:\WINDOWS\System32\win32u.dll
0x00007ffb25be0000 - 0x00007ffb25c14000 	C:\WINDOWS\System32\GDI32.dll
0x00007ffb25840000 - 0x00007ffb259c2000 	C:\WINDOWS\System32\gdi32full.dll
0x00007ffb192b0000 - 0x00007ffb19529000 	C:\WINDOWS\WinSxS\amd64_microsoft.windows.common-controls_6595b64144ccf1df_6.0.14393.447_none_42191651c6827bb3\COMCTL32.dll
0x00007ffb25c20000 - 0x00007ffb25ee8000 	C:\WINDOWS\System32\combase.dll
0x00007ffb256d0000 - 0x00007ffb257c5000 	C:\WINDOWS\System32\ucrtbase.dll
0x00007ffb257d0000 - 0x00007ffb2583a000 	C:\WINDOWS\System32\bcryptPrimitives.dll
0x00007ffb26da0000 - 0x00007ffb26dce000 	C:\WINDOWS\System32\IMM32.DLL
0x000000005eaa0000 - 0x000000005eb72000 	C:\Program Files\Java\jre1.8.0_91\bin\msvcr100.dll
0x000000005ec60000 - 0x000000005f4f3000 	C:\Program Files\Java\jre1.8.0_91\bin\server\jvm.dll
0x00007ffb26930000 - 0x00007ffb26938000 	C:\WINDOWS\System32\PSAPI.DLL
0x00007ffb22b10000 - 0x00007ffb22b33000 	C:\WINDOWS\SYSTEM32\WINMM.dll
0x00007ffb1cb60000 - 0x00007ffb1cb69000 	C:\WINDOWS\SYSTEM32\WSOCK32.dll
0x00007ffb21540000 - 0x00007ffb2154a000 	C:\WINDOWS\SYSTEM32\VERSION.dll
0x00007ffb260e0000 - 0x00007ffb2614a000 	C:\WINDOWS\System32\WS2_32.dll
0x00007ffb22950000 - 0x00007ffb2297b000 	C:\WINDOWS\SYSTEM32\WINMMBASE.dll
0x00007ffb25b90000 - 0x00007ffb25bd2000 	C:\WINDOWS\System32\cfgmgr32.dll
0x000000005fb30000 - 0x000000005fb3f000 	C:\Program Files\Java\jre1.8.0_91\bin\verify.dll
0x000000005f9e0000 - 0x000000005fa09000 	C:\Program Files\Java\jre1.8.0_91\bin\java.dll
0x000000005ea60000 - 0x000000005ea95000 	C:\Program Files\Java\jre1.8.0_91\bin\jdwp.dll
0x000000005fb20000 - 0x000000005fb28000 	C:\Program Files\Java\jre1.8.0_91\bin\npt.dll
0x000000005f9c0000 - 0x000000005f9d6000 	C:\Program Files\Java\jre1.8.0_91\bin\zip.dll
0x00007ffb26df0000 - 0x00007ffb282f9000 	C:\WINDOWS\System32\SHELL32.dll
0x00007ffb24b40000 - 0x00007ffb2521a000 	C:\WINDOWS\System32\windows.storage.dll
0x00007ffb24af0000 - 0x00007ffb24b3c000 	C:\WINDOWS\System32\powrprof.dll
0x00007ffb285f0000 - 0x00007ffb28642000 	C:\WINDOWS\System32\shlwapi.dll
0x00007ffb24ae0000 - 0x00007ffb24aef000 	C:\WINDOWS\System32\kernel.appcore.dll
0x00007ffb259d0000 - 0x00007ffb25a79000 	C:\WINDOWS\System32\shcore.dll
0x00007ffb24ab0000 - 0x00007ffb24ac4000 	C:\WINDOWS\System32\profapi.dll
0x000000005f940000 - 0x000000005f949000 	C:\Program Files\Java\jre1.8.0_91\bin\dt_socket.dll
0x00007ffb1af90000 - 0x00007ffb1afa6000 	C:\WINDOWS\system32\napinsp.dll
0x00007ffb1a760000 - 0x00007ffb1a77a000 	C:\WINDOWS\system32\pnrpnsp.dll
0x00007ffb22130000 - 0x00007ffb22148000 	C:\WINDOWS\system32\NLAapi.dll
0x00007ffb243e0000 - 0x00007ffb2443c000 	C:\WINDOWS\System32\mswsock.dll
0x00007ffb241b0000 - 0x00007ffb24250000 	C:\WINDOWS\SYSTEM32\DNSAPI.dll
0x00007ffb269a0000 - 0x00007ffb269a8000 	C:\WINDOWS\System32\NSI.dll
0x00007ffb24170000 - 0x00007ffb241a8000 	C:\WINDOWS\SYSTEM32\IPHLPAPI.DLL
0x00007ffb213e0000 - 0x00007ffb213ee000 	C:\WINDOWS\System32\winrnr.dll
0x00007ffb22f00000 - 0x00007ffb22f15000 	C:\WINDOWS\System32\wshbth.dll
0x00007ffb1a0e0000 - 0x00007ffb1a14a000 	C:\WINDOWS\System32\fwpuclnt.dll
0x00007ffb24690000 - 0x00007ffb246bb000 	C:\WINDOWS\SYSTEM32\bcrypt.dll
0x00007ffb0cf40000 - 0x00007ffb0cf4a000 	C:\Windows\System32\rasadhlp.dll
0x000000005f9a0000 - 0x000000005f9ba000 	C:\Program Files\Java\jre1.8.0_91\bin\net.dll
0x00007ffb24590000 - 0x00007ffb245a7000 	C:\WINDOWS\SYSTEM32\CRYPTSP.dll
0x00007ffb23ff0000 - 0x00007ffb24023000 	C:\WINDOWS\system32\rsaenh.dll
0x00007ffb24260000 - 0x00007ffb2427f000 	C:\WINDOWS\SYSTEM32\USERENV.dll
0x00007ffb24580000 - 0x00007ffb2458b000 	C:\WINDOWS\SYSTEM32\CRYPTBASE.dll
0x00007ffb1a0c0000 - 0x00007ffb1a0d6000 	C:\WINDOWS\SYSTEM32\dhcpcsvc6.DLL
0x00007ffb1a0a0000 - 0x00007ffb1a0ba000 	C:\WINDOWS\SYSTEM32\dhcpcsvc.DLL
0x000000005f980000 - 0x000000005f991000 	C:\Program Files\Java\jre1.8.0_91\bin\nio.dll
0x00007ffb1fa60000 - 0x00007ffb1fbf2000 	C:\WINDOWS\SYSTEM32\dbghelp.dll

VM Arguments:
jvm_args: -agentlib:jdwp=transport=dt_socket,suspend=y,address=localhost:59985 -Dfile.encoding=UTF-8 
java_command: com.myapp.MyApp.HelloWorld
java_class_path (initial): D:\JavaProyects\MyApp\target\classes;C:\Users\Mathias\.m2\repository\com\sparkjava\spark-core\2.5.5\spark-core-2.5.5.jar;C:\Users\Mathias\.m2\repository\org\slf4j\slf4j-api\1.7.13\slf4j-api-1.7.13.jar;C:\Users\Mathias\.m2\repository\org\eclipse\jetty\jetty-server\9.3.6.v20151106\jetty-server-9.3.6.v20151106.jar;C:\Users\Mathias\.m2\repository\javax\servlet\javax.servlet-api\3.1.0\javax.servlet-api-3.1.0.jar;C:\Users\Mathias\.m2\repository\org\eclipse\jetty\jetty-http\9.3.6.v20151106\jetty-http-9.3.6.v20151106.jar;C:\Users\Mathias\.m2\repository\org\eclipse\jetty\jetty-util\9.3.6.v20151106\jetty-util-9.3.6.v20151106.jar;C:\Users\Mathias\.m2\repository\org\eclipse\jetty\jetty-io\9.3.6.v20151106\jetty-io-9.3.6.v20151106.jar;C:\Users\Mathias\.m2\repository\org\eclipse\jetty\jetty-webapp\9.3.6.v20151106\jetty-webapp-9.3.6.v20151106.jar;C:\Users\Mathias\.m2\repository\org\eclipse\jetty\jetty-xml\9.3.6.v20151106\jetty-xml-9.3.6.v20151106.jar;C:\Users\Mathias\.m2\repository\org\eclipse\jetty\jetty-servlet\9.3.6.v20151106\jetty-servlet-9.3.6.v20151106.jar;C:\Users\Mathias\.m2\repository\org\eclipse\jetty\jetty-security\9.3.6.v20151106\jetty-security-9.3.6.v20151106.jar;C:\Users\Mathias\.m2\repository\org\eclipse\jetty\websocket\websocket-server\9.3.6.v20151106\websocket-server-9.3.6.v20151106.jar;C:\Users\Mathias\.m2\repository\org\eclipse\jetty\websocket\websocket-common\9.3.6.v20151106\websocket-common-9.3.6.v20151106.jar;C:\Users\Mathias\.m2\repository\org\eclipse\jetty\websocket\websocket-client\9.3.6.v20151106\websocket-client-9.3.6.v20151106.jar;C:\Users\Mathias\.m2\repository\org\eclipse\jetty\websocket\websocket-servlet\9.3.6.v20151106\websocket-servlet-9.3.6.v20151106.jar;C:\Users\Mathias\.m2\repository\org\eclipse\jetty\websocket\websocket-api\9.3.6.v20151106\websocket-api-9.3.6.v20151106.jar;C:\Users\Mathias\.m2\repository\com\google\code\gson\gson\2.6.2\gson-2.6.2.jar;C:\Users\Mathias\.m2\repository\com\restfb\restfb\2.0.0-rc.1\restfb
Launcher Type: SUN_STANDARD

Environment Variables:
JAVA_HOME=C:\Program Files\Java\jdk1.8.0_66
PATH=C:/Program Files/Java/jre1.8.0_91/bin/server;C:/Program Files/Java/jre1.8.0_91/bin;C:/Program Files/Java/jre1.8.0_91/lib/amd64;C:\ProgramData\Oracle\Java\javapath;C:\Program Files (x86)\NVIDIA Corporation\PhysX\Common;C:\Program Files (x86)\Intel\iCLS Client\;C:\Program Files\Intel\iCLS Client\;C:\WINDOWS\system32;C:\WINDOWS;C:\WINDOWS\System32\Wbem;C:\WINDOWS\System32\WindowsPowerShell\v1.0\;C:\Program Files\Intel\Intel(R) Management Engine Components\DAL;C:\Program Files (x86)\Intel\Intel(R) Management Engine Components\DAL;C:\Program Files\Intel\Intel(R) Management Engine Components\IPT;C:\Program Files (x86)\Intel\Intel(R) Management Engine Components\IPT;C:\Program Files\Intel\WiFi\bin\;C:\Program Files\Common Files\Intel\WirelessCommon\;C:\Program Files\nodejs\;C:\Program Files (x86)\Skype\Phone;C:\Program Files\Java\jdk1.8.0_66\bin;\C:\Program Files\Java\jdk1.7.0_02\bin;D:\OpenVPN\bin;C:\HashiCorp\Vagrant\bin;C:\Program Files\Git\cmd;D:\Docker Toolbox\docker;C:\Program Files\MySQL\MySQL Utilities 1.6\;D:\python\Scripts\;D:\python\;C:\RailsInstaller\Git\cmd;C:\RailsInstaller\Ruby2.1.0\bin;C:\Program Files\Intel\WiFi\bin\;C:\Program Files\Common Files\Intel\WirelessCommon\;C:\Users\Mathias\AppData\Roaming\npm;C:\MongoDB\Server\3.2\bin;C:\Program Files\MongoDB\Server\3.2\data\db;C:\Program Files\OpenSSH\bin;C:\Users\Mathias\AppData\Local\Microsoft\WindowsApps;D:\apache-maven-3.3.9\bin;C:\Program Files\Heroku\bin;D:\Docker Toolbox;C:\Users\Mathias\Desktop\eclipse;
USERNAME=Mathias
OS=Windows_NT
PROCESSOR_IDENTIFIER=Intel64 Family 6 Model 60 Stepping 3, GenuineIntel



---------------  S Y S T E M  ---------------

OS: Windows 10.0 , 64 bit Build 14393 (10.0.14393.0)

CPU:total 8 (4 cores per cpu, 2 threads per core) family 6 model 60 stepping 3, cmov, cx8, fxsr, mmx, sse, sse2, sse3, ssse3, sse4.1, sse4.2, popcnt, avx, avx2, aes, clmul, erms, lzcnt, ht, tsc, tscinvbit, bmi1, bmi2

Memory: 4k page, physical 16663588k(10153976k free), swap 33440804k(24803660k free)

vm_info: Java HotSpot(TM) 64-Bit Server VM (25.91-b14) for windows-amd64 JRE (1.8.0_91-b14), built on Apr  1 2016 00:58:32 by "java_re" with MS VC++ 10.0 (VS2010)

time: Sun Feb 12 20:45:49 2017
elapsed time: 100 seconds (0d 0h 1m 40s)

