#
# A fatal error has been detected by the Java Runtime Environment:
#
#  EXCEPTION_ACCESS_VIOLATION (0xc0000005) at pc=0x000000005ed88f45, pid=6680, tid=13060
#
# JRE version: Java(TM) SE Runtime Environment (8.0_91-b14) (build 1.8.0_91-b14)
# Java VM: Java HotSpot(TM) 64-Bit Server VM (25.91-b14 mixed mode windows-amd64 compressed oops)
# Problematic frame:
# V  [jvm.dll+0x128f45]
#
# Failed to write core dump. Minidumps are not enabled by default on client versions of Windows
#
# If you would like to submit a bug report, please visit:
#   http://bugreport.java.com/bugreport/crash.jsp
#

---------------  T H R E A D  ---------------

Current thread (0x000000001e5a6000):  JavaThread "JDWP Transport Listener: dt_socket" daemon [_thread_in_vm, id=13060, stack(0x000000001f0a0000,0x000000001f1a0000)]

siginfo: ExceptionCode=0xc0000005, reading address 0xffffffffffffffff

Registers:
RAX=0x000000001f19f701, RBX=0x000000001e5a6000, RCX=0x65646f4e2470614d, RDX=0x0000000000000000
RSP=0x000000001f19f760, RBP=0x65646f4e2470614d, RSI=0x000000001f19f878, RDI=0x0000000002a5bd10
R8 =0x000000001e5a6000, R9 =0x0000000000008000, R10=0x0000000000000000, R11=0x000000001f19f9e3
R12=0x0000000000000000, R13=0x000000001e5af328, R14=0x0000000000000000, R15=0x0000000000000000
RIP=0x000000005ed88f45, EFLAGS=0x0000000000010206

Top of Stack: (sp=0x000000001f19f760)
0x000000001f19f760:   000000001e5a6000 000000001e5a6000
0x000000001f19f770:   000000001f19f828 000000005ef8f32b
0x000000001f19f780:   000000001e5a6000 000000005efabb8d
0x000000001f19f790:   0000000000000000 000000005ea79155
0x000000001f19f7a0:   000000001e5bfc98 000000005ea8291e
0x000000001f19f7b0:   000000001e5a6000 0000000000000000
0x000000001f19f7c0:   0000000000000000 0000000000000000
0x000000001f19f7d0:   65646f4e2470614d 000000005ea81a15
0x000000001f19f7e0:   000000001f19f878 000000001f19f850
0x000000001f19f7f0:   0000000000000001 000000001e5bfc98
0x000000001f19f800:   65646f4e2470614d 000000005ea653b3
0x000000001f19f810:   000000001f19f940 0000000000000001
0x000000001f19f820:   0000000000000001 000000001e5bfc98
0x000000001f19f830:   0000000000000009 0000000000000000
0x000000001f19f840:   0000000000000000 0000000000000000
0x000000001f19f850:   0000000000000001 000000005ea65571 

Instructions: (pc=0x000000005ed88f45)
0x000000005ed88f25:   cc cc cc cc cc cc cc cc cc cc cc 48 83 ec 28 48
0x000000005ed88f35:   85 c9 75 07 33 c0 48 83 c4 28 c3 48 89 5c 24 20
0x000000005ed88f45:   48 8b 19 48 85 db 74 20 48 83 fb 37 74 1a 48 8b
0x000000005ed88f55:   13 48 8b cb ff 52 10 84 c0 74 0d 48 8b c3 48 8b 


Register to memory mapping:

RAX=0x000000001f19f701 is pointing into the stack for thread: 0x000000001e5a6000
RBX=0x000000001e5a6000 is a thread
RCX=0x65646f4e2470614d is an unknown value
RDX=0x0000000000000000 is an unknown value
RSP=0x000000001f19f760 is pointing into the stack for thread: 0x000000001e5a6000
RBP=0x65646f4e2470614d is an unknown value
RSI=0x000000001f19f878 is pointing into the stack for thread: 0x000000001e5a6000
RDI=0x0000000002a5bd10 is an unknown value
R8 =0x000000001e5a6000 is a thread
R9 =0x0000000000008000 is an unknown value
R10=0x0000000000000000 is an unknown value
R11=0x000000001f19f9e3 is pointing into the stack for thread: 0x000000001e5a6000
R12=0x0000000000000000 is an unknown value
R13=0x000000001e5af328 is an unknown value
R14=0x0000000000000000 is an unknown value
R15=0x0000000000000000 is an unknown value


Stack: [0x000000001f0a0000,0x000000001f1a0000],  sp=0x000000001f19f760,  free space=1021k
Native frames: (J=compiled Java code, j=interpreted, Vv=VM code, C=native code)
V  [jvm.dll+0x128f45]
V  [jvm.dll+0x34bb8d]
C  [jdwp.dll+0x21a15]
C  [jdwp.dll+0x53b3]
C  [jdwp.dll+0x5571]
C  [jdwp.dll+0xf0a8]
C  [jdwp.dll+0x1f2d5]
C  [jdwp.dll+0x1f4aa]
V  [jvm.dll+0x1bbf38]
V  [jvm.dll+0x243ae4]
V  [jvm.dll+0x29a99a]
C  [msvcr100.dll+0x21d9f]
C  [msvcr100.dll+0x21e3b]
C  [KERNEL32.DLL+0x8364]
C  [ntdll.dll+0x670d1]


---------------  P R O C E S S  ---------------

Java Threads: ( => current thread )
  0x0000000020a84800 JavaThread "DestroyJavaVM" [_thread_blocked, id=4852, stack(0x0000000002a60000,0x0000000002b60000)]
  0x0000000020a88800 JavaThread "org.eclipse.jetty.server.session.HashSessionManager@66ced0acTimer" daemon [_thread_blocked, id=14200, stack(0x00000000273b0000,0x00000000274b0000)]
  0x0000000020a87000 JavaThread "qtp1745195618-28" [_thread_blocked, id=7484, stack(0x00000000272b0000,0x00000000273b0000)]
  0x0000000020a82800 JavaThread "qtp1745195618-27" [_thread_blocked, id=5828, stack(0x00000000261b0000,0x00000000262b0000)]
  0x000000001e8d6800 JavaThread "qtp1745195618-26" [_thread_blocked, id=7624, stack(0x00000000260b0000,0x00000000261b0000)]
  0x000000001fdf7800 JavaThread "qtp1745195618-25-acceptor-0@26f136a1-ServerConnector@2836cc0f{HTTP/1.1,[http/1.1]}{0.0.0.0:4567}" [_thread_in_native, id=12260, stack(0x0000000025fb0000,0x00000000260b0000)]
  0x000000001fdf6800 JavaThread "qtp1745195618-24" [_thread_in_native, id=11280, stack(0x0000000023ee0000,0x0000000023fe0000)]
  0x000000001e912000 JavaThread "qtp1745195618-23" [_thread_in_native, id=10856, stack(0x0000000023de0000,0x0000000023ee0000)]
  0x000000001e911800 JavaThread "qtp1745195618-22" [_thread_in_native, id=12720, stack(0x0000000023ce0000,0x0000000023de0000)]
  0x0000000021754800 JavaThread "qtp1745195618-21" [_thread_in_native, id=8508, stack(0x0000000023be0000,0x0000000023ce0000)]
  0x0000000025c87800 JavaThread "Thread-1" [_thread_blocked, id=652, stack(0x00000000239e0000,0x0000000023ae0000)]
  0x00000000217d9800 JavaThread "pool-1-thread-1" [_thread_blocked, id=13992, stack(0x0000000022a80000,0x0000000022b80000)]
  0x0000000020850000 JavaThread "Abandoned connection cleanup thread" daemon [_thread_blocked, id=6276, stack(0x0000000021570000,0x0000000021670000)]
  0x000000001e660000 JavaThread "Service Thread" daemon [_thread_blocked, id=5052, stack(0x000000001f7a0000,0x000000001f8a0000)]
  0x000000001e5ce800 JavaThread "C1 CompilerThread3" daemon [_thread_blocked, id=6120, stack(0x000000001f6a0000,0x000000001f7a0000)]
  0x000000001e5ce000 JavaThread "C2 CompilerThread2" daemon [_thread_blocked, id=4760, stack(0x000000001f5a0000,0x000000001f6a0000)]
  0x000000001e5cd000 JavaThread "C2 CompilerThread1" daemon [_thread_blocked, id=11056, stack(0x000000001f4a0000,0x000000001f5a0000)]
  0x000000001e5c2000 JavaThread "C2 CompilerThread0" daemon [_thread_blocked, id=8364, stack(0x000000001f3a0000,0x000000001f4a0000)]
  0x000000001e5b4800 JavaThread "JDWP Command Reader" daemon [_thread_in_native, id=4652, stack(0x000000001f2a0000,0x000000001f3a0000)]
  0x000000001e5b1000 JavaThread "JDWP Event Helper Thread" daemon [_thread_blocked, id=13600, stack(0x000000001f1a0000,0x000000001f2a0000)]
=>0x000000001e5a6000 JavaThread "JDWP Transport Listener: dt_socket" daemon [_thread_in_vm, id=13060, stack(0x000000001f0a0000,0x000000001f1a0000)]
  0x000000001e59c800 JavaThread "Attach Listener" daemon [_thread_blocked, id=8084, stack(0x000000001ec60000,0x000000001ed60000)]
  0x000000001e59b800 JavaThread "Signal Dispatcher" daemon [_thread_blocked, id=4816, stack(0x000000001eb60000,0x000000001ec60000)]
  0x000000001e590800 JavaThread "Finalizer" daemon [_thread_blocked, id=6264, stack(0x000000001e970000,0x000000001ea70000)]
  0x000000001c68d800 JavaThread "Reference Handler" daemon [_thread_blocked, id=4956, stack(0x000000001e470000,0x000000001e570000)]

Other Threads:
  0x000000001c689000 VMThread [stack: 0x000000001e370000,0x000000001e470000] [id=10876]
  0x000000001e673800 WatcherThread [stack: 0x000000001f8a0000,0x000000001f9a0000] [id=7000]

VM state:not at safepoint (normal execution)

VM Mutex/Monitor currently owned by a thread: None

Heap:
 PSYoungGen      total 76288K, used 14972K [0x000000076b380000, 0x0000000771700000, 0x00000007c0000000)
  eden space 65536K, 6% used [0x000000076b380000,0x000000076b7a6bb0,0x000000076f380000)
  from space 10752K, 99% used [0x000000076f380000,0x000000076fdf8718,0x000000076fe00000)
  to   space 10752K, 0% used [0x0000000770c80000,0x0000000770c80000,0x0000000771700000)
 ParOldGen       total 123392K, used 10877K [0x00000006c1a00000, 0x00000006c9280000, 0x000000076b380000)
  object space 123392K, 8% used [0x00000006c1a00000,0x00000006c249f5b0,0x00000006c9280000)
 Metaspace       used 32949K, capacity 33332K, committed 33792K, reserved 1079296K
  class space    used 4435K, capacity 4540K, committed 4608K, reserved 1048576K

Card table byte_map: [0x0000000012020000,0x0000000012820000] byte_map_base: 0x000000000ea13000

Marking Bits: (ParMarkBitMap*) 0x000000005f472f70
 Begin Bits: [0x0000000013570000, 0x0000000017508000)
 End Bits:   [0x0000000017508000, 0x000000001b4a0000)

Polling page: 0x0000000001180000

CodeCache: size=245760Kb used=9942Kb max_used=9956Kb free=235817Kb
 bounds [0x0000000002c60000, 0x0000000003630000, 0x0000000011c60000]
 total_blobs=3162 nmethods=2644 adapters=438
 compilation: enabled

Compilation events (10 events):
Event: 11.485 Thread 0x000000001e5cd000 2640   !   4       java.util.concurrent.ConcurrentHashMap::transfer (832 bytes)
Event: 11.492 Thread 0x000000001e5ce800 2641   !   3       java.lang.invoke.MemberName::clone (14 bytes)
Event: 11.493 Thread 0x000000001e5ce800 nmethod 2641 0x0000000003610c10 code [0x0000000003610da0, 0x0000000003611158]
Event: 11.493 Thread 0x000000001e5ce800 2642       3       java.lang.invoke.MethodHandle::<init> (35 bytes)
Event: 11.493 Thread 0x000000001e5ce800 nmethod 2642 0x00000000036104d0 code [0x0000000003610660, 0x0000000003610a58]
Event: 11.493 Thread 0x000000001e5ce800 2643       3       java.lang.invoke.LambdaForm::prepare (43 bytes)
Event: 11.493 Thread 0x000000001e5ce800 nmethod 2643 0x000000000360fed0 code [0x0000000003610060, 0x00000000036103a8]
Event: 11.495 Thread 0x000000001e5ce800 2644       3       java.lang.CharacterDataLatin1::digit (91 bytes)
Event: 11.496 Thread 0x000000001e5ce800 nmethod 2644 0x000000000361cc50 code [0x000000000361cdc0, 0x000000000361d150]
Event: 11.501 Thread 0x000000001e5cd000 nmethod 2640 0x0000000003620390 code [0x0000000003620520, 0x0000000003621458]

GC Heap History (8 events):
Event: 0.778 GC heap before
{Heap before GC invocations=1 (full 0):
 PSYoungGen      total 76288K, used 65536K [0x000000076b380000, 0x0000000770880000, 0x00000007c0000000)
  eden space 65536K, 100% used [0x000000076b380000,0x000000076f380000,0x000000076f380000)
  from space 10752K, 0% used [0x000000076fe00000,0x000000076fe00000,0x0000000770880000)
  to   space 10752K, 0% used [0x000000076f380000,0x000000076f380000,0x000000076fe00000)
 ParOldGen       total 175104K, used 0K [0x00000006c1a00000, 0x00000006cc500000, 0x000000076b380000)
  object space 175104K, 0% used [0x00000006c1a00000,0x00000006c1a00000,0x00000006cc500000)
 Metaspace       used 12724K, capacity 12918K, committed 13312K, reserved 1060864K
  class space    used 1635K, capacity 1709K, committed 1792K, reserved 1048576K
Event: 0.783 GC heap after
Heap after GC invocations=1 (full 0):
 PSYoungGen      total 76288K, used 6372K [0x000000076b380000, 0x0000000770880000, 0x00000007c0000000)
  eden space 65536K, 0% used [0x000000076b380000,0x000000076b380000,0x000000076f380000)
  from space 10752K, 59% used [0x000000076f380000,0x000000076f9b9018,0x000000076fe00000)
  to   space 10752K, 0% used [0x000000076fe00000,0x000000076fe00000,0x0000000770880000)
 ParOldGen       total 175104K, used 88K [0x00000006c1a00000, 0x00000006cc500000, 0x000000076b380000)
  object space 175104K, 0% used [0x00000006c1a00000,0x00000006c1a16010,0x00000006cc500000)
 Metaspace       used 12724K, capacity 12918K, committed 13312K, reserved 1060864K
  class space    used 1635K, capacity 1709K, committed 1792K, reserved 1048576K
}
Event: 1.693 GC heap before
{Heap before GC invocations=2 (full 0):
 PSYoungGen      total 76288K, used 59709K [0x000000076b380000, 0x0000000770880000, 0x00000007c0000000)
  eden space 65536K, 81% used [0x000000076b380000,0x000000076e796748,0x000000076f380000)
  from space 10752K, 59% used [0x000000076f380000,0x000000076f9b9018,0x000000076fe00000)
  to   space 10752K, 0% used [0x000000076fe00000,0x000000076fe00000,0x0000000770880000)
 ParOldGen       total 175104K, used 88K [0x00000006c1a00000, 0x00000006cc500000, 0x000000076b380000)
  object space 175104K, 0% used [0x00000006c1a00000,0x00000006c1a16010,0x00000006cc500000)
 Metaspace       used 20893K, capacity 21128K, committed 21248K, reserved 1067008K
  class space    used 2964K, capacity 3050K, committed 3072K, reserved 1048576K
Event: 1.700 GC heap after
Heap after GC invocations=2 (full 0):
 PSYoungGen      total 76288K, used 10586K [0x000000076b380000, 0x0000000770880000, 0x00000007c0000000)
  eden space 65536K, 0% used [0x000000076b380000,0x000000076b380000,0x000000076f380000)
  from space 10752K, 98% used [0x000000076fe00000,0x0000000770856b08,0x0000000770880000)
  to   space 10752K, 0% used [0x000000076f380000,0x000000076f380000,0x000000076fe00000)
 ParOldGen       total 175104K, used 104K [0x00000006c1a00000, 0x00000006cc500000, 0x000000076b380000)
  object space 175104K, 0% used [0x00000006c1a00000,0x00000006c1a1a010,0x00000006cc500000)
 Metaspace       used 20893K, capacity 21128K, committed 21248K, reserved 1067008K
  class space    used 2964K, capacity 3050K, committed 3072K, reserved 1048576K
}
Event: 1.700 GC heap before
{Heap before GC invocations=3 (full 1):
 PSYoungGen      total 76288K, used 10586K [0x000000076b380000, 0x0000000770880000, 0x00000007c0000000)
  eden space 65536K, 0% used [0x000000076b380000,0x000000076b380000,0x000000076f380000)
  from space 10752K, 98% used [0x000000076fe00000,0x0000000770856b08,0x0000000770880000)
  to   space 10752K, 0% used [0x000000076f380000,0x000000076f380000,0x000000076fe00000)
 ParOldGen       total 175104K, used 104K [0x00000006c1a00000, 0x00000006cc500000, 0x000000076b380000)
  object space 175104K, 0% used [0x00000006c1a00000,0x00000006c1a1a010,0x00000006cc500000)
 Metaspace       used 20893K, capacity 21128K, committed 21248K, reserved 1067008K
  class space    used 2964K, capacity 3050K, committed 3072K, reserved 1048576K
Event: 1.727 GC heap after
Heap after GC invocations=3 (full 1):
 PSYoungGen      total 76288K, used 0K [0x000000076b380000, 0x0000000770880000, 0x00000007c0000000)
  eden space 65536K, 0% used [0x000000076b380000,0x000000076b380000,0x000000076f380000)
  from space 10752K, 0% used [0x000000076fe00000,0x000000076fe00000,0x0000000770880000)
  to   space 10752K, 0% used [0x000000076f380000,0x000000076f380000,0x000000076fe00000)
 ParOldGen       total 123392K, used 10309K [0x00000006c1a00000, 0x00000006c9280000, 0x000000076b380000)
  object space 123392K, 8% used [0x00000006c1a00000,0x00000006c24117c8,0x00000006c9280000)
 Metaspace       used 20893K, capacity 21128K, committed 21248K, reserved 1067008K
  class space    used 2964K, capacity 3050K, committed 3072K, reserved 1048576K
}
Event: 11.462 GC heap before
{Heap before GC invocations=4 (full 1):
 PSYoungGen      total 76288K, used 65536K [0x000000076b380000, 0x0000000770880000, 0x00000007c0000000)
  eden space 65536K, 100% used [0x000000076b380000,0x000000076f380000,0x000000076f380000)
  from space 10752K, 0% used [0x000000076fe00000,0x000000076fe00000,0x0000000770880000)
  to   space 10752K, 0% used [0x000000076f380000,0x000000076f380000,0x000000076fe00000)
 ParOldGen       total 123392K, used 10309K [0x00000006c1a00000, 0x00000006c9280000, 0x000000076b380000)
  object space 123392K, 8% used [0x00000006c1a00000,0x00000006c24117c8,0x00000006c9280000)
 Metaspace       used 32555K, capacity 32976K, committed 33280K, reserved 1077248K
  class space    used 4375K, capacity 4506K, committed 4608K, reserved 1048576K
Event: 11.470 GC heap after
Heap after GC invocations=4 (full 1):
 PSYoungGen      total 76288K, used 10721K [0x000000076b380000, 0x0000000771700000, 0x00000007c0000000)
  eden space 65536K, 0% used [0x000000076b380000,0x000000076b380000,0x000000076f380000)
  from space 10752K, 99% used [0x000000076f380000,0x000000076fdf8718,0x000000076fe00000)
  to   space 10752K, 0% used [0x0000000770c80000,0x0000000770c80000,0x0000000771700000)
 ParOldGen       total 123392K, used 10877K [0x00000006c1a00000, 0x00000006c9280000, 0x000000076b380000)
  object space 123392K, 8% used [0x00000006c1a00000,0x00000006c249f5b0,0x00000006c9280000)
 Metaspace       used 32555K, capacity 32976K, committed 33280K, reserved 1077248K
  class space    used 4375K, capacity 4506K, committed 4608K, reserved 1048576K
}

Deoptimization events (10 events):
Event: 11.461 Thread 0x0000000025c87800 Uncommon trap: reason=unhandled action=none pc=0x00000000035b7be0 method=java.net.URLClassLoader.findClass(Ljava/lang/String;)Ljava/lang/Class; @ 44
Event: 11.461 Thread 0x0000000025c87800 Uncommon trap: reason=unhandled action=none pc=0x00000000035b7be0 method=java.net.URLClassLoader.findClass(Ljava/lang/String;)Ljava/lang/Class; @ 44
Event: 11.479 Thread 0x0000000025c87800 Uncommon trap: reason=unhandled action=none pc=0x00000000035b7be0 method=java.net.URLClassLoader.findClass(Ljava/lang/String;)Ljava/lang/Class; @ 44
Event: 11.481 Thread 0x0000000025c87800 Uncommon trap: reason=unhandled action=none pc=0x00000000035b7be0 method=java.net.URLClassLoader.findClass(Ljava/lang/String;)Ljava/lang/Class; @ 44
Event: 11.483 Thread 0x0000000025c87800 Uncommon trap: reason=unhandled action=none pc=0x00000000035b7be0 method=java.net.URLClassLoader.findClass(Ljava/lang/String;)Ljava/lang/Class; @ 44
Event: 11.483 Thread 0x0000000025c87800 Uncommon trap: reason=unhandled action=none pc=0x00000000035b7be0 method=java.net.URLClassLoader.findClass(Ljava/lang/String;)Ljava/lang/Class; @ 44
Event: 11.484 Thread 0x0000000025c87800 Uncommon trap: reason=unhandled action=none pc=0x00000000035b7be0 method=java.net.URLClassLoader.findClass(Ljava/lang/String;)Ljava/lang/Class; @ 44
Event: 11.485 Thread 0x0000000025c87800 Uncommon trap: reason=unhandled action=none pc=0x00000000035b7be0 method=java.net.URLClassLoader.findClass(Ljava/lang/String;)Ljava/lang/Class; @ 44
Event: 11.485 Thread 0x0000000025c87800 Uncommon trap: reason=unhandled action=none pc=0x00000000035b7be0 method=java.net.URLClassLoader.findClass(Ljava/lang/String;)Ljava/lang/Class; @ 44
Event: 11.497 Thread 0x0000000025c87800 Uncommon trap: reason=unhandled action=none pc=0x00000000035b7be0 method=java.net.URLClassLoader.findClass(Ljava/lang/String;)Ljava/lang/Class; @ 44

Internal exceptions (10 events):
Event: 0.846 Thread 0x0000000002b64000 Exception <a 'java/lang/ArrayIndexOutOfBoundsException': 81> (0x000000076b8b5090) thrown at [C:\re\workspace\8-2-build-windows-amd64-cygwin\jdk8u91\6644\hotspot\src\share\vm\interpreter\interpreterRuntime.cpp, line 366]
Event: 0.846 Thread 0x0000000002b64000 Exception <a 'java/lang/ArrayIndexOutOfBoundsException': 92> (0x000000076b8b6318) thrown at [C:\re\workspace\8-2-build-windows-amd64-cygwin\jdk8u91\6644\hotspot\src\share\vm\interpreter\interpreterRuntime.cpp, line 366]
Event: 0.846 Thread 0x0000000002b64000 Exception <a 'java/lang/ArrayIndexOutOfBoundsException': 76> (0x000000076b8b7518) thrown at [C:\re\workspace\8-2-build-windows-amd64-cygwin\jdk8u91\6644\hotspot\src\share\vm\interpreter\interpreterRuntime.cpp, line 366]
Event: 0.846 Thread 0x0000000002b64000 Exception <a 'java/lang/ArrayIndexOutOfBoundsException': 85> (0x000000076b8b86e0) thrown at [C:\re\workspace\8-2-build-windows-amd64-cygwin\jdk8u91\6644\hotspot\src\share\vm\interpreter\interpreterRuntime.cpp, line 366]
Event: 0.849 Thread 0x0000000002b64000 Exception <a 'java/lang/ArrayIndexOutOfBoundsException': 71> (0x000000076b8f1088) thrown at [C:\re\workspace\8-2-build-windows-amd64-cygwin\jdk8u91\6644\hotspot\src\share\vm\interpreter\interpreterRuntime.cpp, line 366]
Event: 0.851 Thread 0x0000000002b64000 Exception <a 'java/lang/ArrayIndexOutOfBoundsException': 81> (0x000000076b913b20) thrown at [C:\re\workspace\8-2-build-windows-amd64-cygwin\jdk8u91\6644\hotspot\src\share\vm\interpreter\interpreterRuntime.cpp, line 366]
Event: 0.852 Thread 0x0000000002b64000 Exception <a 'java/lang/ArrayIndexOutOfBoundsException': 42> (0x000000076b926340) thrown at [C:\re\workspace\8-2-build-windows-amd64-cygwin\jdk8u91\6644\hotspot\src\share\vm\interpreter\interpreterRuntime.cpp, line 366]
Event: 0.854 Thread 0x0000000002b64000 Exception <a 'java/lang/ArrayIndexOutOfBoundsException': 158> (0x000000076b93e820) thrown at [C:\re\workspace\8-2-build-windows-amd64-cygwin\jdk8u91\6644\hotspot\src\share\vm\interpreter\interpreterRuntime.cpp, line 366]
Event: 2.237 Thread 0x0000000002b64000 Implicit null exception at 0x00000000033d6c16 to 0x00000000033d6d9d
Event: 11.330 Thread 0x0000000002b64000 Exception <a 'java/lang/NoClassDefFoundError': org/slf4j/impl/StaticLoggerBinder> (0x000000076edc09f8) thrown at [C:\re\workspace\8-2-build-windows-amd64-cygwin\jdk8u91\6644\hotspot\src\share\vm\classfile\systemDictionary.cpp, line 199]

Events (10 events):
Event: 20.378 Executing VM operation: RevokeBias
Event: 20.378 Executing VM operation: RevokeBias done
Event: 20.625 loading class java/lang/Throwable$WrappedPrintStream
Event: 20.625 loading class java/lang/Throwable$WrappedPrintStream done
Event: 20.626 Thread 0x0000000002b64000 Thread exited: 0x0000000002b64000
Event: 20.626 Thread 0x0000000020a84800 Thread added: 0x0000000020a84800
Event: 69.025 Executing VM operation: ChangeBreakpoints
Event: 69.025 Executing VM operation: ChangeBreakpoints done
Event: 69.036 Executing VM operation: RedefineClasses
Event: 69.049 Executing VM operation: RedefineClasses done


Dynamic libraries:
0x00007ff61a2d0000 - 0x00007ff61a307000 	C:\Program Files\Java\jre1.8.0_91\bin\javaw.exe
0x00007ffb28650000 - 0x00007ffb28821000 	C:\WINDOWS\SYSTEM32\ntdll.dll
0x00007ffb25ef0000 - 0x00007ffb25f9b000 	C:\WINDOWS\System32\KERNEL32.DLL
0x00007ffb25410000 - 0x00007ffb2562d000 	C:\WINDOWS\System32\KERNELBASE.dll
0x00007ffb26b10000 - 0x00007ffb26bb2000 	C:\WINDOWS\System32\ADVAPI32.dll
0x00007ffb28490000 - 0x00007ffb2852e000 	C:\WINDOWS\System32\msvcrt.dll
0x00007ffb26940000 - 0x00007ffb26999000 	C:\WINDOWS\System32\sechost.dll
0x00007ffb28360000 - 0x00007ffb28481000 	C:\WINDOWS\System32\RPCRT4.dll
0x00007ffb26c30000 - 0x00007ffb26d95000 	C:\WINDOWS\System32\USER32.dll
0x00007ffb253f0000 - 0x00007ffb2540e000 	C:\WINDOWS\System32\win32u.dll
0x00007ffb25be0000 - 0x00007ffb25c14000 	C:\WINDOWS\System32\GDI32.dll
0x00007ffb25840000 - 0x00007ffb259c2000 	C:\WINDOWS\System32\gdi32full.dll
0x00007ffb192b0000 - 0x00007ffb19529000 	C:\WINDOWS\WinSxS\amd64_microsoft.windows.common-controls_6595b64144ccf1df_6.0.14393.447_none_42191651c6827bb3\COMCTL32.dll
0x00007ffb25c20000 - 0x00007ffb25ee8000 	C:\WINDOWS\System32\combase.dll
0x00007ffb256d0000 - 0x00007ffb257c5000 	C:\WINDOWS\System32\ucrtbase.dll
0x00007ffb257d0000 - 0x00007ffb2583a000 	C:\WINDOWS\System32\bcryptPrimitives.dll
0x00007ffb26da0000 - 0x00007ffb26dce000 	C:\WINDOWS\System32\IMM32.DLL
0x000000005eaa0000 - 0x000000005eb72000 	C:\Program Files\Java\jre1.8.0_91\bin\msvcr100.dll
0x000000005ec60000 - 0x000000005f4f3000 	C:\Program Files\Java\jre1.8.0_91\bin\server\jvm.dll
0x00007ffb26930000 - 0x00007ffb26938000 	C:\WINDOWS\System32\PSAPI.DLL
0x00007ffb1cb60000 - 0x00007ffb1cb69000 	C:\WINDOWS\SYSTEM32\WSOCK32.dll
0x00007ffb21540000 - 0x00007ffb2154a000 	C:\WINDOWS\SYSTEM32\VERSION.dll
0x00007ffb22b10000 - 0x00007ffb22b33000 	C:\WINDOWS\SYSTEM32\WINMM.dll
0x00007ffb260e0000 - 0x00007ffb2614a000 	C:\WINDOWS\System32\WS2_32.dll
0x0000000002970000 - 0x000000000299b000 	C:\WINDOWS\SYSTEM32\WINMMBASE.dll
0x00007ffb25b90000 - 0x00007ffb25bd2000 	C:\WINDOWS\System32\cfgmgr32.dll
0x000000005fb30000 - 0x000000005fb3f000 	C:\Program Files\Java\jre1.8.0_91\bin\verify.dll
0x000000005f9e0000 - 0x000000005fa09000 	C:\Program Files\Java\jre1.8.0_91\bin\java.dll
0x000000005ea60000 - 0x000000005ea95000 	C:\Program Files\Java\jre1.8.0_91\bin\jdwp.dll
0x000000005fb20000 - 0x000000005fb28000 	C:\Program Files\Java\jre1.8.0_91\bin\npt.dll
0x000000005f9c0000 - 0x000000005f9d6000 	C:\Program Files\Java\jre1.8.0_91\bin\zip.dll
0x00007ffb26df0000 - 0x00007ffb282f9000 	C:\WINDOWS\System32\SHELL32.dll
0x00007ffb24b40000 - 0x00007ffb2521a000 	C:\WINDOWS\System32\windows.storage.dll
0x00007ffb24af0000 - 0x00007ffb24b3c000 	C:\WINDOWS\System32\powrprof.dll
0x00007ffb285f0000 - 0x00007ffb28642000 	C:\WINDOWS\System32\shlwapi.dll
0x00007ffb24ae0000 - 0x00007ffb24aef000 	C:\WINDOWS\System32\kernel.appcore.dll
0x00007ffb259d0000 - 0x00007ffb25a79000 	C:\WINDOWS\System32\shcore.dll
0x00007ffb24ab0000 - 0x00007ffb24ac4000 	C:\WINDOWS\System32\profapi.dll
0x000000005f940000 - 0x000000005f949000 	C:\Program Files\Java\jre1.8.0_91\bin\dt_socket.dll
0x00007ffb1af90000 - 0x00007ffb1afa6000 	C:\WINDOWS\system32\napinsp.dll
0x00007ffb1a760000 - 0x00007ffb1a77a000 	C:\WINDOWS\system32\pnrpnsp.dll
0x00007ffb22130000 - 0x00007ffb22148000 	C:\WINDOWS\system32\NLAapi.dll
0x00007ffb243e0000 - 0x00007ffb2443c000 	C:\WINDOWS\System32\mswsock.dll
0x00007ffb241b0000 - 0x00007ffb24250000 	C:\WINDOWS\SYSTEM32\DNSAPI.dll
0x00007ffb269a0000 - 0x00007ffb269a8000 	C:\WINDOWS\System32\NSI.dll
0x00007ffb24170000 - 0x00007ffb241a8000 	C:\WINDOWS\SYSTEM32\IPHLPAPI.DLL
0x00007ffb213e0000 - 0x00007ffb213ee000 	C:\WINDOWS\System32\winrnr.dll
0x00007ffb22f00000 - 0x00007ffb22f15000 	C:\WINDOWS\System32\wshbth.dll
0x00007ffb1a0e0000 - 0x00007ffb1a14a000 	C:\WINDOWS\System32\fwpuclnt.dll
0x00007ffb24690000 - 0x00007ffb246bb000 	C:\WINDOWS\SYSTEM32\bcrypt.dll
0x00007ffb0cf40000 - 0x00007ffb0cf4a000 	C:\Windows\System32\rasadhlp.dll
0x000000005f9a0000 - 0x000000005f9ba000 	C:\Program Files\Java\jre1.8.0_91\bin\net.dll
0x00007ffb24590000 - 0x00007ffb245a7000 	C:\WINDOWS\SYSTEM32\CRYPTSP.dll
0x00007ffb23ff0000 - 0x00007ffb24023000 	C:\WINDOWS\system32\rsaenh.dll
0x00007ffb24260000 - 0x00007ffb2427f000 	C:\WINDOWS\SYSTEM32\USERENV.dll
0x00007ffb24580000 - 0x00007ffb2458b000 	C:\WINDOWS\SYSTEM32\CRYPTBASE.dll
0x00007ffb1a0c0000 - 0x00007ffb1a0d6000 	C:\WINDOWS\SYSTEM32\dhcpcsvc6.DLL
0x00007ffb1a0a0000 - 0x00007ffb1a0ba000 	C:\WINDOWS\SYSTEM32\dhcpcsvc.DLL
0x000000005f980000 - 0x000000005f991000 	C:\Program Files\Java\jre1.8.0_91\bin\nio.dll
0x000000005f950000 - 0x000000005f974000 	C:\Program Files\Java\jre1.8.0_91\bin\sunec.dll
0x000000005ea50000 - 0x000000005ea5d000 	C:\Program Files\Java\jre1.8.0_91\bin\management.dll
0x00007ffb1fa60000 - 0x00007ffb1fbf2000 	C:\WINDOWS\SYSTEM32\dbghelp.dll

VM Arguments:
jvm_args: -agentlib:jdwp=transport=dt_socket,suspend=y,address=localhost:61577 -Dfile.encoding=UTF-8 
java_command: com.myapp.server.HelloWorld
java_class_path (initial): D:\JavaProyects\MyApp\target\classes;C:\Users\Mathias\.m2\repository\com\sparkjava\spark-core\2.5.5\spark-core-2.5.5.jar;C:\Users\Mathias\.m2\repository\org\slf4j\slf4j-api\1.7.13\slf4j-api-1.7.13.jar;C:\Users\Mathias\.m2\repository\org\eclipse\jetty\jetty-server\9.3.6.v20151106\jetty-server-9.3.6.v20151106.jar;C:\Users\Mathias\.m2\repository\javax\servlet\javax.servlet-api\3.1.0\javax.servlet-api-3.1.0.jar;C:\Users\Mathias\.m2\repository\org\eclipse\jetty\jetty-http\9.3.6.v20151106\jetty-http-9.3.6.v20151106.jar;C:\Users\Mathias\.m2\repository\org\eclipse\jetty\jetty-util\9.3.6.v20151106\jetty-util-9.3.6.v20151106.jar;C:\Users\Mathias\.m2\repository\org\eclipse\jetty\jetty-io\9.3.6.v20151106\jetty-io-9.3.6.v20151106.jar;C:\Users\Mathias\.m2\repository\org\eclipse\jetty\jetty-webapp\9.3.6.v20151106\jetty-webapp-9.3.6.v20151106.jar;C:\Users\Mathias\.m2\repository\org\eclipse\jetty\jetty-xml\9.3.6.v20151106\jetty-xml-9.3.6.v20151106.jar;C:\Users\Mathias\.m2\repository\org\eclipse\jetty\jetty-servlet\9.3.6.v20151106\jetty-servlet-9.3.6.v20151106.jar;C:\Users\Mathias\.m2\repository\org\eclipse\jetty\jetty-security\9.3.6.v20151106\jetty-security-9.3.6.v20151106.jar;C:\Users\Mathias\.m2\repository\org\eclipse\jetty\websocket\websocket-server\9.3.6.v20151106\websocket-server-9.3.6.v20151106.jar;C:\Users\Mathias\.m2\repository\org\eclipse\jetty\websocket\websocket-common\9.3.6.v20151106\websocket-common-9.3.6.v20151106.jar;C:\Users\Mathias\.m2\repository\org\eclipse\jetty\websocket\websocket-client\9.3.6.v20151106\websocket-client-9.3.6.v20151106.jar;C:\Users\Mathias\.m2\repository\org\eclipse\jetty\websocket\websocket-servlet\9.3.6.v20151106\websocket-servlet-9.3.6.v20151106.jar;C:\Users\Mathias\.m2\repository\org\eclipse\jetty\websocket\websocket-api\9.3.6.v20151106\websocket-api-9.3.6.v20151106.jar;C:\Users\Mathias\.m2\repository\com\google\code\gson\gson\2.6.2\gson-2.6.2.jar;C:\Users\Mathias\.m2\repository\com\restfb\restfb\2.0.0-rc.1\restfb
Launcher Type: SUN_STANDARD

Environment Variables:
JAVA_HOME=C:\Program Files\Java\jdk1.8.0_66
PATH=C:/Program Files/Java/jre1.8.0_91/bin/server;C:/Program Files/Java/jre1.8.0_91/bin;C:/Program Files/Java/jre1.8.0_91/lib/amd64;C:\ProgramData\Oracle\Java\javapath;C:\Program Files (x86)\NVIDIA Corporation\PhysX\Common;C:\Program Files (x86)\Intel\iCLS Client\;C:\Program Files\Intel\iCLS Client\;C:\WINDOWS\system32;C:\WINDOWS;C:\WINDOWS\System32\Wbem;C:\WINDOWS\System32\WindowsPowerShell\v1.0\;C:\Program Files\Intel\Intel(R) Management Engine Components\DAL;C:\Program Files (x86)\Intel\Intel(R) Management Engine Components\DAL;C:\Program Files\Intel\Intel(R) Management Engine Components\IPT;C:\Program Files (x86)\Intel\Intel(R) Management Engine Components\IPT;C:\Program Files\Intel\WiFi\bin\;C:\Program Files\Common Files\Intel\WirelessCommon\;C:\Program Files\nodejs\;C:\Program Files (x86)\Skype\Phone;C:\Program Files\Java\jdk1.8.0_66\bin;\C:\Program Files\Java\jdk1.7.0_02\bin;D:\OpenVPN\bin;C:\HashiCorp\Vagrant\bin;C:\Program Files\Git\cmd;D:\Docker Toolbox\docker;C:\Program Files\MySQL\MySQL Utilities 1.6\;D:\python\Scripts\;D:\python\;C:\RailsInstaller\Git\cmd;C:\RailsInstaller\Ruby2.1.0\bin;C:\Program Files\Intel\WiFi\bin\;C:\Program Files\Common Files\Intel\WirelessCommon\;C:\Users\Mathias\AppData\Roaming\npm;C:\MongoDB\Server\3.2\bin;C:\Program Files\MongoDB\Server\3.2\data\db;C:\Program Files\OpenSSH\bin;C:\Users\Mathias\AppData\Local\Microsoft\WindowsApps;D:\apache-maven-3.3.9\bin;C:\Program Files\Heroku\bin;D:\Docker Toolbox;C:\Users\Mathias\Desktop\eclipse;
USERNAME=Mathias
OS=Windows_NT
PROCESSOR_IDENTIFIER=Intel64 Family 6 Model 60 Stepping 3, GenuineIntel



---------------  S Y S T E M  ---------------

OS: Windows 10.0 , 64 bit Build 14393 (10.0.14393.0)

CPU:total 8 (4 cores per cpu, 2 threads per core) family 6 model 60 stepping 3, cmov, cx8, fxsr, mmx, sse, sse2, sse3, ssse3, sse4.1, sse4.2, popcnt, avx, avx2, aes, clmul, erms, lzcnt, ht, tsc, tscinvbit, bmi1, bmi2

Memory: 4k page, physical 16663588k(9889904k free), swap 33440804k(22812936k free)

vm_info: Java HotSpot(TM) 64-Bit Server VM (25.91-b14) for windows-amd64 JRE (1.8.0_91-b14), built on Apr  1 2016 00:58:32 by "java_re" with MS VC++ 10.0 (VS2010)

time: Sun Feb 12 23:07:42 2017
elapsed time: 69 seconds (0d 0h 1m 9s)

